2025/07/21 10:30:11 Logger initialized.
2025/07/21 10:30:11 Running system checks...
2025/07/21 10:30:14 {
  "cpu": {
    "cache_size": 33792,
    "cores": [
      {
        "cpu_number": 0,
        "usage_percent": 0.9999999999990905
      },
      {
        "cpu_number": 1,
        "usage_percent": 0
      }
    ],
    "idle": "2218042.64",
    "load_15min": "0.00",
    "load_1min": "0.01",
    "load_5min": "0.01",
    "mhz": 2800.284,
    "model_name": "Intel(R) Xeon(R) CPU @ 2.80GHz",
    "time_spent_system": "521.15",
    "time_spent_user": "969.88",
    "usage_percent": "1.00",
    "vendor_id": "GenuineIntel"
  },
  "disk": [
    {
      "filter": {
        "SortBy": "used_percent",
        "TopDiskSize": 3,
        "TopDiskUsage": 2,
        "TopDiskUsagePercent": 2,
        "TopFreeSpace": 1
      },
      "mounted": true,
      "partitions": [
        {
          "device": "/dev/sda1",
          "mountpoint": "/",
          "fstype": "ext2/ext3",
          "total_mb": 18770.75,
          "used_mb": 3675.34765625,
          "free_mb": 15079.40234375,
          "used_percent": 19.596889621295936
        }
      ],
      "paths_to_watch": [
        "*"
      ]
    },
    {
      "filter": {
        "SortBy": "free_space",
        "TopDiskSize": 3,
        "TopDiskUsage": 0,
        "TopDiskUsagePercent": 0,
        "TopFreeSpace": 0
      },
      "mounted": true,
      "partitions": [
        {
          "device": "/dev/sda1",
          "mountpoint": "/",
          "fstype": "ext2/ext3",
          "total_mb": 18770.75,
          "used_mb": 3675.34765625,
          "free_mb": 15079.40234375,
          "used_percent": 19.596889621295936
        }
      ],
      "paths_to_watch": [
        "/"
      ]
    }
  ],
  "memory": {
    "available": "7.18 GB (7524708 KB)",
    "cached": "2.91 GB (3051648 KB)",
    "free": "4.51 GB (4733696 KB)",
    "total": "7.75 GB (8129384 KB)",
    "used": "0.27 GB (286796 KB)",
    "used_percent": "3.53%"
  },
  "permissions": [
    {
      "/home": {
        "group_gid": 0,
        "group_name": "root",
        "is_dir": true,
        "mode": "drwxr-xr-x",
        "owner_uid": 0,
        "owner_user": "root",
        "permissions": "-rwxr-xr-x",
        "user_access": {
          "intern": {
            "exec": true,
            "read": true,
            "write": false
          }
        }
      },
      "/var/www/bookstore": {
        "group_gid": 33,
        "group_name": "www-data",
        "is_dir": true,
        "mode": "drwxr-xr-x",
        "owner_uid": 33,
        "owner_user": "www-data",
        "permissions": "-rwxr-xr-x",
        "user_access": {
          "intern": {
            "exec": true,
            "read": true,
            "write": false
          }
        }
      }
    },
    {
      "/home/furkan": {
        "is_dir": true,
        "mode": "drwxr-x---",
        "permissions": "-rwxr-x---",
        "user_access": {
          "furkan": {
            "exec": true,
            "read": true,
            "write": true
          },
          "intern": {
            "exec": false,
            "read": false,
            "write": false
          }
        }
      }
    }
  ],
  "processes": [
    {
      "filter": {
        "RunningHourThreshold": 0,
        "TopMemoryUsage": 3,
        "TopCPUUsage": 0,
        "State": "",
        "ParentPID": 0,
        "TTY": "",
        "TopRunningTime": 0,
        "LimitProcesses": 0
      },
      "filtered_processes": [
        {
          "pid": 95189,
          "name": "systemd-journald",
          "cpu_percent": 0.001514390822444534,
          "memory_percent": 0.5676691,
          "create_time": "2025-07-15T06:39:46Z",
          "status": "S",
          "parent_pid": 1,
          "running_hours": "147h50m",
          "tty": "?"
        },
        {
          "pid": 26568,
          "name": "snapd",
          "cpu_percent": 0.004376843467668895,
          "memory_percent": 0.47659206,
          "create_time": "2025-07-10T11:45:26Z",
          "status": "S",
          "parent_pid": 1,
          "running_hours": "262h44m",
          "tty": "?"
        },
        {
          "pid": 126137,
          "name": "supervisord",
          "cpu_percent": 0.013815123036085834,
          "memory_percent": 0.35294187,
          "create_time": "2025-07-18T06:51:43Z",
          "status": "S",
          "parent_pid": 1,
          "running_hours": "75h38m",
          "tty": "?"
        }
      ]
    },
    {
      "filter": {
        "RunningHourThreshold": 0,
        "TopMemoryUsage": 0,
        "TopCPUUsage": 4,
        "State": "S",
        "ParentPID": 0,
        "TTY": "",
        "TopRunningTime": 0,
        "LimitProcesses": 0
      },
      "filtered_processes": [
        {
          "pid": 150198,
          "name": "go",
          "cpu_percent": 4.76917830841612,
          "memory_percent": 0.2692455,
          "create_time": "2025-07-21T10:30:10Z",
          "status": "S",
          "parent_pid": 148427,
          "running_hours": "0m",
          "tty": "pts/0"
        },
        {
          "pid": 150249,
          "name": "main",
          "cpu_percent": 4.755062626437011,
          "memory_percent": 0.10982382,
          "create_time": "2025-07-21T10:30:10Z",
          "status": "S",
          "parent_pid": 150198,
          "running_hours": "0m",
          "tty": "pts/0"
        },
        {
          "pid": 126137,
          "name": "supervisord",
          "cpu_percent": 0.013815083468524305,
          "memory_percent": 0.35294187,
          "create_time": "2025-07-18T06:51:43Z",
          "status": "S",
          "parent_pid": 1,
          "running_hours": "75h38m",
          "tty": "?"
        },
        {
          "pid": 56,
          "name": "hwrng",
          "cpu_percent": 0.013351144895209143,
          "memory_percent": 0,
          "create_time": "2025-07-08T14:04:57Z",
          "status": "S",
          "parent_pid": 2,
          "running_hours": "308h25m",
          "tty": "?"
        }
      ]
    }
  ]
}
2025/07/21 10:41:56 Logger initialized.
2025/07/21 10:41:56 Running system checks...
2025/07/21 10:41:59 {
  "cpu": {
    "cache_size": 33792,
    "cores": [
      {
        "cpu_number": 0,
        "usage_percent": 0
      },
      {
        "cpu_number": 1,
        "usage_percent": 0
      }
    ],
    "idle": "2219449.12",
    "load_15min": "0.00",
    "load_1min": "0.00",
    "load_5min": "0.00",
    "mhz": 2800.284,
    "model_name": "Intel(R) Xeon(R) CPU @ 2.80GHz",
    "time_spent_system": "522.85",
    "time_spent_user": "971.51",
    "usage_percent": "0.00",
    "vendor_id": "GenuineIntel"
  },
  "disk": [
    {
      "filter": {
        "SortBy": "used_percent",
        "TopDiskSize": 3,
        "TopDiskUsage": 2,
        "TopDiskUsagePercent": 2,
        "TopFreeSpace": 1
      },
      "mounted": true,
      "partitions": [
        {
          "device": "/dev/sda1",
          "mountpoint": "/",
          "fstype": "ext2/ext3",
          "total_mb": 18770.75,
          "used_mb": 3677.48046875,
          "free_mb": 15077.26953125,
          "used_percent": 19.608261740359108
        }
      ],
      "paths_to_watch": [
        "*"
      ]
    },
    {
      "filter": {
        "SortBy": "free_space",
        "TopDiskSize": 3,
        "TopDiskUsage": 0,
        "TopDiskUsagePercent": 0,
        "TopFreeSpace": 0
      },
      "mounted": true,
      "partitions": [
        {
          "device": "/dev/sda1",
          "mountpoint": "/",
          "fstype": "ext2/ext3",
          "total_mb": 18770.75,
          "used_mb": 3677.48046875,
          "free_mb": 15077.26953125,
          "used_percent": 19.608261740359108
        }
      ],
      "paths_to_watch": [
        "/"
      ]
    }
  ],
  "memory": {
    "available": "7.17 GB (7515848 KB)",
    "cached": "2.91 GB (3053864 KB)",
    "free": "4.50 GB (4722604 KB)",
    "total": "7.75 GB (8129384 KB)",
    "used": "0.28 GB (295560 KB)",
    "used_percent": "3.64%"
  },
  "permissions": [
    {
      "/home": {
        "group_gid": 0,
        "group_name": "root",
        "is_dir": true,
        "mode": "drwxr-xr-x",
        "owner_uid": 0,
        "owner_user": "root",
        "permissions": "-rwxr-xr-x",
        "user_access": {
          "intern": {
            "exec": true,
            "read": true,
            "write": false
          }
        }
      },
      "/var/www/bookstore": {
        "group_gid": 33,
        "group_name": "www-data",
        "is_dir": true,
        "mode": "drwxr-xr-x",
        "owner_uid": 33,
        "owner_user": "www-data",
        "permissions": "-rwxr-xr-x",
        "user_access": {
          "intern": {
            "exec": true,
            "read": true,
            "write": false
          }
        }
      }
    },
    {
      "/home/furkan": {
        "is_dir": true,
        "mode": "drwxr-x---",
        "permissions": "-rwxr-x---",
        "user_access": {
          "furkan": {
            "exec": true,
            "read": true,
            "write": true
          },
          "intern": {
            "exec": false,
            "read": false,
            "write": false
          }
        }
      }
    }
  ],
  "processes": [
    {
      "filter": {
        "RunningHourThreshold": 0,
        "TopMemoryUsage": 3,
        "TopCPUUsage": 0,
        "State": "",
        "ParentPID": 0,
        "TTY": "",
        "TopRunningTime": 0,
        "LimitProcesses": 0
      },
      "processes": [
        {
          "pid": 95189,
          "name": "systemd-journald",
          "cpu_percent": 0.0015180158856255496,
          "memory_percent": 0.5692436,
          "create_time": "2025-07-15T06:39:46Z",
          "status": "S",
          "parent_pid": 1,
          "running_hours": "148h2m",
          "tty": "?"
        },
        {
          "pid": 26568,
          "name": "snapd",
          "cpu_percent": 0.004376751622984545,
          "memory_percent": 0.47659206,
          "create_time": "2025-07-10T11:45:26Z",
          "status": "S",
          "parent_pid": 1,
          "running_hours": "262h56m",
          "tty": "?"
        },
        {
          "pid": 126137,
          "name": "supervisord",
          "cpu_percent": 0.013816061583939776,
          "memory_percent": 0.35294187,
          "create_time": "2025-07-18T06:51:43Z",
          "status": "S",
          "parent_pid": 1,
          "running_hours": "75h50m",
          "tty": "?"
        }
      ]
    },
    {
      "filter": {
        "RunningHourThreshold": 0,
        "TopMemoryUsage": 0,
        "TopCPUUsage": 4,
        "State": "S",
        "ParentPID": 0,
        "TTY": "",
        "TopRunningTime": 0,
        "LimitProcesses": 0
      },
      "processes": [
        {
          "pid": 150718,
          "name": "go",
          "cpu_percent": 5.6179179869964,
          "memory_percent": 0.23765638,
          "create_time": "2025-07-21T10:41:55Z",
          "status": "S",
          "parent_pid": 148427,
          "running_hours": "0m",
          "tty": "pts/0"
        },
        {
          "pid": 126137,
          "name": "supervisord",
          "cpu_percent": 0.013816023914226231,
          "memory_percent": 0.35294187,
          "create_time": "2025-07-18T06:51:43Z",
          "status": "S",
          "parent_pid": 1,
          "running_hours": "75h50m",
          "tty": "?"
        },
        {
          "pid": 56,
          "name": "hwrng",
          "cpu_percent": 0.013351670280930044,
          "memory_percent": 0,
          "create_time": "2025-07-08T14:04:57Z",
          "status": "S",
          "parent_pid": 2,
          "running_hours": "308h37m",
          "tty": "?"
        },
        {
          "pid": 95144,
          "name": "google_osconfig_agent",
          "cpu_percent": 0.009573432040748913,
          "memory_percent": 0.29768553,
          "create_time": "2025-07-15T06:39:46Z",
          "status": "S",
          "parent_pid": 1,
          "running_hours": "148h2m",
          "tty": "?"
        }
      ]
    }
  ]
}
2025/07/21 11:00:16 Logger initialized.
2025/07/21 11:00:16 Running system checks...
2025/07/21 11:00:18 {
  "cpu": {
    "cache_size": 33792,
    "cores": [
      {
        "cpu_number": 0,
        "usage_percent": 0.9900990098909599
      },
      {
        "cpu_number": 1,
        "usage_percent": 0
      }
    ],
    "idle": "2221610.78",
    "load_15min": "0.02",
    "load_1min": "0.20",
    "load_5min": "0.05",
    "mhz": 2800.284,
    "model_name": "Intel(R) Xeon(R) CPU @ 2.80GHz",
    "time_spent_system": "530.88",
    "time_spent_user": "995.32",
    "usage_percent": "0.99",
    "vendor_id": "GenuineIntel"
  },
  "disk": [
    {
      "filter": {
        "SortBy": "used_percent",
        "TopDiskSize": 3,
        "TopDiskUsage": 2,
        "TopDiskUsagePercent": 2,
        "TopFreeSpace": 1
      },
      "mounted": true,
      "partitions": [
        {
          "device": "/dev/sda1",
          "mountpoint": "/",
          "fstype": "ext2/ext3",
          "total_mb": 18770.75,
          "used_mb": 3680.37890625,
          "free_mb": 15074.37109375,
          "used_percent": 19.623716158573163
        }
      ],
      "paths_to_watch": [
        "*"
      ]
    },
    {
      "filter": {
        "SortBy": "free_space",
        "TopDiskSize": 3,
        "TopDiskUsage": 0,
        "TopDiskUsagePercent": 0,
        "TopFreeSpace": 0
      },
      "mounted": true,
      "partitions": [
        {
          "device": "/dev/sda1",
          "mountpoint": "/",
          "fstype": "ext2/ext3",
          "total_mb": 18770.75,
          "used_mb": 3680.37890625,
          "free_mb": 15074.37109375,
          "used_percent": 19.623716158573163
        }
      ],
      "paths_to_watch": [
        "/"
      ]
    }
  ],
  "memory": {
    "available": "7.14 GB (7491048 KB)",
    "cached": "2.92 GB (3059472 KB)",
    "free": "4.47 GB (4691508 KB)",
    "total": "7.75 GB (8129384 KB)",
    "used": "0.31 GB (320324 KB)",
    "used_percent": "3.94%"
  },
  "permissions": [
    {
      "/home": {
        "group_gid": 0,
        "group_name": "root",
        "is_dir": true,
        "mode": "drwxr-xr-x",
        "owner_uid": 0,
        "owner_user": "root",
        "permissions": "-rwxr-xr-x",
        "user_access": {
          "intern": {
            "exec": true,
            "read": true,
            "write": false
          }
        }
      },
      "/var/www/bookstore": {
        "group_gid": 1014,
        "group_name": "intern",
        "is_dir": true,
        "mode": "drwxr-xr-x",
        "owner_uid": 999,
        "owner_user": "intern",
        "permissions": "-rwxr-xr-x",
        "user_access": {
          "intern": {
            "exec": true,
            "read": true,
            "write": true
          }
        }
      }
    },
    {
      "/home/furkan": {
        "is_dir": true,
        "mode": "drwxr-x---",
        "permissions": "-rwxr-x---",
        "user_access": {
          "furkan": {
            "exec": true,
            "read": true,
            "write": true
          },
          "intern": {
            "exec": false,
            "read": false,
            "write": false
          }
        }
      }
    }
  ],
  "processes": [
    {
      "filter": {
        "RunningHourThreshold": 0,
        "TopMemoryUsage": 3,
        "TopCPUUsage": 0,
        "State": "",
        "ParentPID": 0,
        "TTY": "",
        "TopRunningTime": 0,
        "LimitProcesses": 0
      },
      "processes": [
        {
          "pid": 95189,
          "name": "systemd-journald",
          "cpu_percent": 0.001544852471927105,
          "memory_percent": 0.5840541,
          "create_time": "2025-07-15T06:39:46Z",
          "status": "S",
          "parent_pid": 1,
          "running_hours": "148h20m",
          "tty": "?"
        },
        {
          "pid": 26568,
          "name": "snapd",
          "cpu_percent": 0.004374841287745672,
          "memory_percent": 0.47659206,
          "create_time": "2025-07-10T11:45:26Z",
          "status": "S",
          "parent_pid": 1,
          "running_hours": "263h14m",
          "tty": "?"
        },
        {
          "pid": 126137,
          "name": "supervisord",
          "cpu_percent": 0.013822683571994062,
          "memory_percent": 0.35451642,
          "create_time": "2025-07-18T06:51:43Z",
          "status": "S",
          "parent_pid": 1,
          "running_hours": "76h8m",
          "tty": "?"
        }
      ]
    },
    {
      "filter": {
        "RunningHourThreshold": 0,
        "TopMemoryUsage": 0,
        "TopCPUUsage": 4,
        "State": "S",
        "ParentPID": 0,
        "TTY": "",
        "TopRunningTime": 0,
        "LimitProcesses": 0
      },
      "processes": [
        {
          "pid": 153988,
          "name": "main",
          "cpu_percent": 5.26878884348715,
          "memory_percent": 0.111398354,
          "create_time": "2025-07-21T11:00:15Z",
          "status": "S",
          "parent_pid": 153931,
          "running_hours": "0m",
          "tty": "pts/0"
        },
        {
          "pid": 153931,
          "name": "go",
          "cpu_percent": 5.000198062193242,
          "memory_percent": 0.24213396,
          "create_time": "2025-07-21T11:00:14Z",
          "status": "S",
          "parent_pid": 148427,
          "running_hours": "0m",
          "tty": "pts/0"
        },
        {
          "pid": 152933,
          "name": "packagekitd",
          "cpu_percent": 0.014113126943651843,
          "memory_percent": 0.25458264,
          "create_time": "2025-07-21T10:56:46Z",
          "status": "S",
          "parent_pid": 1,
          "running_hours": "3m",
          "tty": "?"
        },
        {
          "pid": 126137,
          "name": "supervisord",
          "cpu_percent": 0.013822643782856602,
          "memory_percent": 0.35451642,
          "create_time": "2025-07-18T06:51:43Z",
          "status": "S",
          "parent_pid": 1,
          "running_hours": "76h8m",
          "tty": "?"
        }
      ]
    }
  ]
}
2025/07/21 11:04:37 Logger initialized.
2025/07/21 11:04:37 Running system checks...
2025/07/21 11:04:39 {
  "cpu": {
    "cache_size": 33792,
    "cores": [
      {
        "cpu_number": 0,
        "usage_percent": 0
      },
      {
        "cpu_number": 1,
        "usage_percent": 0
      }
    ],
    "idle": "2222129.09",
    "load_15min": "0.00",
    "load_1min": "0.00",
    "load_5min": "0.01",
    "mhz": 2800.284,
    "model_name": "Intel(R) Xeon(R) CPU @ 2.80GHz",
    "time_spent_system": "532.65",
    "time_spent_user": "997.16",
    "usage_percent": "0.00",
    "vendor_id": "GenuineIntel"
  },
  "disk": [
    {
      "filter": {
        "SortBy": "used_percent",
        "TopDiskSize": 3,
        "TopDiskUsage": 2,
        "TopDiskUsagePercent": 2,
        "TopFreeSpace": 1
      },
      "mounted": true,
      "partitions": [
        {
          "device": "/dev/sda1",
          "mountpoint": "/",
          "fstype": "ext2/ext3",
          "total_mb": 18770.75,
          "used_mb": 3683.359375,
          "free_mb": 15071.390625,
          "used_percent": 19.639607965981952
        }
      ],
      "paths_to_watch": [
        "*"
      ]
    },
    {
      "filter": {
        "SortBy": "free_space",
        "TopDiskSize": 3,
        "TopDiskUsage": 0,
        "TopDiskUsagePercent": 0,
        "TopFreeSpace": 0
      },
      "mounted": true,
      "partitions": [
        {
          "device": "/dev/sda1",
          "mountpoint": "/",
          "fstype": "ext2/ext3",
          "total_mb": 18770.75,
          "used_mb": 3683.359375,
          "free_mb": 15071.390625,
          "used_percent": 19.639607965981952
        }
      ],
      "paths_to_watch": [
        "/"
      ]
    }
  ],
  "memory": {
    "available": "7.15 GB (7502376 KB)",
    "cached": "2.92 GB (3063252 KB)",
    "free": "4.48 GB (4699088 KB)",
    "total": "7.75 GB (8129384 KB)",
    "used": "0.29 GB (308904 KB)",
    "used_percent": "3.80%"
  },
  "permissions": [
    {
      "/home": {
        "group_gid": 0,
        "group_name": "root",
        "is_dir": true,
        "mode": "drwxr-xr-x",
        "owner_uid": 0,
        "owner_user": "root",
        "permissions": "-rwxr-xr-x",
        "user_access": {
          "intern": {
            "exec": true,
            "read": true,
            "write": false
          }
        }
      },
      "/var/www/bookstore": {
        "group_gid": 1014,
        "group_name": "intern",
        "is_dir": true,
        "mode": "drwxr-xr-x",
        "owner_uid": 999,
        "owner_user": "intern",
        "permissions": "-rwxr-xr-x",
        "user_access": {
          "intern": {
            "exec": true,
            "read": true,
            "write": true
          }
        }
      }
    },
    {
      "/home/furkan": {
        "is_dir": true,
        "mode": "drwxr-x---",
        "permissions": "-rwxr-x---",
        "user_access": {
          "furkan": {
            "exec": true,
            "read": true,
            "write": true
          },
          "intern": {
            "exec": false,
            "read": false,
            "write": false
          }
        }
      }
    }
  ],
  "processes": [
    {
      "filter": {
        "RunningHourThreshold": 0,
        "TopMemoryUsage": 3,
        "TopCPUUsage": 0,
        "State": "",
        "ParentPID": 0,
        "TTY": "",
        "TopRunningTime": 0,
        "LimitProcesses": 0
      },
      "processes": [
        {
          "pid": 95189,
          "name": "systemd-journald",
          "cpu_percent": 0.001551583722331653,
          "memory_percent": 0.5888269,
          "create_time": "2025-07-15T06:39:46Z",
          "status": "S",
          "parent_pid": 1,
          "running_hours": "148h24m",
          "tty": "?"
        },
        {
          "pid": 26568,
          "name": "snapd",
          "cpu_percent": 0.004374690677299866,
          "memory_percent": 0.47659206,
          "create_time": "2025-07-10T11:45:26Z",
          "status": "S",
          "parent_pid": 1,
          "running_hours": "263h19m",
          "tty": "?"
        },
        {
          "pid": 126137,
          "name": "supervisord",
          "cpu_percent": 0.013820457726205758,
          "memory_percent": 0.35451642,
          "create_time": "2025-07-18T06:51:43Z",
          "status": "S",
          "parent_pid": 1,
          "running_hours": "76h12m",
          "tty": "?"
        }
      ]
    },
    {
      "filter": {
        "RunningHourThreshold": 0,
        "TopMemoryUsage": 0,
        "TopCPUUsage": 4,
        "State": "S",
        "ParentPID": 0,
        "TTY": "",
        "TopRunningTime": 0,
        "LimitProcesses": 0
      },
      "processes": [
        {
          "pid": 154605,
          "name": "go",
          "cpu_percent": 6.597892656362923,
          "memory_percent": 0.2366231,
          "create_time": "2025-07-21T11:04:36Z",
          "status": "S",
          "parent_pid": 148427,
          "running_hours": "0m",
          "tty": "pts/0"
        },
        {
          "pid": 126137,
          "name": "supervisord",
          "cpu_percent": 0.01382041904517822,
          "memory_percent": 0.35451642,
          "create_time": "2025-07-18T06:51:43Z",
          "status": "S",
          "parent_pid": 1,
          "running_hours": "76h12m",
          "tty": "?"
        },
        {
          "pid": 56,
          "name": "hwrng",
          "cpu_percent": 0.01335242337195386,
          "memory_percent": 0,
          "create_time": "2025-07-08T14:04:57Z",
          "status": "S",
          "parent_pid": 2,
          "running_hours": "308h59m",
          "tty": "?"
        },
        {
          "pid": 95144,
          "name": "google_osconfig_agent",
          "cpu_percent": 0.009573389316131088,
          "memory_percent": 0.29768553,
          "create_time": "2025-07-15T06:39:46Z",
          "status": "S",
          "parent_pid": 1,
          "running_hours": "148h24m",
          "tty": "?"
        }
      ]
    }
  ]
}
2025/07/21 11:09:08 Logger initialized.
2025/07/21 11:09:08 Running system checks...
2025/07/21 11:09:11 {
  "cpu": {
    "cache_size": 33792,
    "cores": [
      {
        "cpu_number": 0,
        "usage_percent": 0
      },
      {
        "cpu_number": 1,
        "usage_percent": 0
      }
    ],
    "idle": "2222668.54",
    "load_15min": "0.00",
    "load_1min": "0.00",
    "load_5min": "0.00",
    "mhz": 2800.284,
    "model_name": "Intel(R) Xeon(R) CPU @ 2.80GHz",
    "time_spent_system": "534.21",
    "time_spent_user": "998.43",
    "usage_percent": "0.00",
    "vendor_id": "GenuineIntel"
  },
  "disk": [
    {
      "filter": {
        "SortBy": "used_percent",
        "TopDiskSize": 3,
        "TopDiskUsage": 2,
        "TopDiskUsagePercent": 2,
        "TopFreeSpace": 1
      },
      "mounted": true,
      "partitions": [
        {
          "device": "/dev/sda1",
          "mountpoint": "/",
          "fstype": "ext2/ext3",
          "total_mb": 18770.75,
          "used_mb": 3680.43359375,
          "free_mb": 15074.31640625,
          "used_percent": 19.624007751369653
        }
      ],
      "paths_to_watch": [
        "*"
      ]
    },
    {
      "filter": {
        "SortBy": "free_space",
        "TopDiskSize": 3,
        "TopDiskUsage": 0,
        "TopDiskUsagePercent": 0,
        "TopFreeSpace": 0
      },
      "mounted": true,
      "partitions": [
        {
          "device": "/dev/sda1",
          "mountpoint": "/",
          "fstype": "ext2/ext3",
          "total_mb": 18770.75,
          "used_mb": 3680.43359375,
          "free_mb": 15074.31640625,
          "used_percent": 19.624007751369653
        }
      ],
      "paths_to_watch": [
        "/"
      ]
    }
  ],
  "memory": {
    "available": "7.16 GB (7508256 KB)",
    "cached": "2.92 GB (3060524 KB)",
    "free": "4.49 GB (4707432 KB)",
    "total": "7.75 GB (8129384 KB)",
    "used": "0.29 GB (303232 KB)",
    "used_percent": "3.73%"
  },
  "permissions": [
    {
      "/home": {
        "group_gid": 0,
        "group_name": "root",
        "is_dir": true,
        "mode": "drwxr-xr-x",
        "owner_uid": 0,
        "owner_user": "root",
        "permissions": "-rwxr-xr-x",
        "user_access": {
          "intern": {
            "exec": true,
            "read": true,
            "write": false
          }
        }
      },
      "/var/www/bookstore": {
        "group_gid": 1014,
        "group_name": "intern",
        "is_dir": true,
        "mode": "drwxr-xr-x",
        "owner_uid": 999,
        "owner_user": "intern",
        "permissions": "-rwxr-xr-x",
        "user_access": {
          "intern": {
            "exec": true,
            "read": true,
            "write": true
          }
        }
      }
    },
    {
      "/home/furkan": {
        "is_dir": true,
        "mode": "drwxr-x---",
        "permissions": "-rwxr-x---",
        "user_access": {
          "furkan": {
            "exec": true,
            "read": true,
            "write": true
          },
          "intern": {
            "exec": false,
            "read": false,
            "write": false
          }
        }
      }
    },
    {
      "/opt/monitoring-merged/main.go": {
        "group_gid": 1013,
        "group_name": "crastle",
        "is_dir": false,
        "mode": "-rwxrwxrwx",
        "owner_uid": 1012,
        "owner_user": "crastle",
        "permissions": "-rwxrwxrwx",
        "user_access": {
          "furkan": {
            "exec": true,
            "read": true,
            "write": true
          },
          "root": {
            "exec": true,
            "read": true,
            "write": true
          }
        }
      }
    }
  ],
  "processes": [
    {
      "filter": {
        "RunningHourThreshold": 0,
        "TopMemoryUsage": 3,
        "TopCPUUsage": 0,
        "State": "",
        "ParentPID": 0,
        "TTY": "",
        "TopRunningTime": 0,
        "LimitProcesses": 0
      },
      "processes": [
        {
          "pid": 95189,
          "name": "systemd-journald",
          "cpu_percent": 0.0015545373230163937,
          "memory_percent": 0.5909919,
          "create_time": "2025-07-15T06:39:46Z",
          "status": "S",
          "parent_pid": 1,
          "running_hours": "148h29m",
          "tty": "?"
        },
        {
          "pid": 26568,
          "name": "snapd",
          "cpu_percent": 0.004374493114827976,
          "memory_percent": 0.47659206,
          "create_time": "2025-07-10T11:45:26Z",
          "status": "S",
          "parent_pid": 1,
          "running_hours": "263h23m",
          "tty": "?"
        },
        {
          "pid": 126137,
          "name": "supervisord",
          "cpu_percent": 0.0138213645731925,
          "memory_percent": 0.35451642,
          "create_time": "2025-07-18T06:51:43Z",
          "status": "S",
          "parent_pid": 1,
          "running_hours": "76h17m",
          "tty": "?"
        }
      ]
    },
    {
      "filter": {
        "RunningHourThreshold": 0,
        "TopMemoryUsage": 0,
        "TopCPUUsage": 4,
        "State": "S",
        "ParentPID": 0,
        "TTY": "",
        "TopRunningTime": 0,
        "LimitProcesses": 0
      },
      "processes": [
        {
          "pid": 155128,
          "name": "go",
          "cpu_percent": 4.786487814590672,
          "memory_percent": 0.2424292,
          "create_time": "2025-07-21T11:09:07Z",
          "status": "S",
          "parent_pid": 148427,
          "running_hours": "0m",
          "tty": "pts/0"
        },
        {
          "pid": 126137,
          "name": "supervisord",
          "cpu_percent": 0.013821326643519165,
          "memory_percent": 0.35451642,
          "create_time": "2025-07-18T06:51:43Z",
          "status": "S",
          "parent_pid": 1,
          "running_hours": "76h17m",
          "tty": "?"
        },
        {
          "pid": 56,
          "name": "hwrng",
          "cpu_percent": 0.013353660443284418,
          "memory_percent": 0,
          "create_time": "2025-07-08T14:04:57Z",
          "status": "S",
          "parent_pid": 2,
          "running_hours": "309h4m",
          "tty": "?"
        },
        {
          "pid": 95144,
          "name": "google_osconfig_agent",
          "cpu_percent": 0.009574141170003977,
          "memory_percent": 0.29768553,
          "create_time": "2025-07-15T06:39:46Z",
          "status": "S",
          "parent_pid": 1,
          "running_hours": "148h29m",
          "tty": "?"
        }
      ]
    }
  ]
}
2025/07/21 11:14:05 Logger initialized.
2025/07/21 11:14:05 Running system checks...
2025/07/21 11:14:07 {
  "cpu": {
    "cache_size": 33792,
    "cores": [
      {
        "cpu_number": 0,
        "usage_percent": 0.9900990098909599
      },
      {
        "cpu_number": 1,
        "usage_percent": 0
      }
    ],
    "idle": "2223258.51",
    "load_15min": "0.00",
    "load_1min": "0.00",
    "load_5min": "0.00",
    "mhz": 2800.284,
    "model_name": "Intel(R) Xeon(R) CPU @ 2.80GHz",
    "time_spent_system": "535.75",
    "time_spent_user": "999.89",
    "usage_percent": "0.99",
    "vendor_id": "GenuineIntel"
  },
  "disk": [
    {
      "filter": {
        "SortBy": "used_percent",
        "TopDiskSize": 3,
        "TopDiskUsage": 2,
        "TopDiskUsagePercent": 2,
        "TopFreeSpace": 1
      },
      "mounted": true,
      "partitions": [
        {
          "device": "/dev/sda1",
          "mountpoint": "/",
          "fstype": "ext2/ext3",
          "total_mb": 18770.75,
          "used_mb": 3686.91796875,
          "free_mb": 15067.83203125,
          "used_percent": 19.658582325810794
        }
      ],
      "paths_to_watch": [
        "*"
      ]
    },
    {
      "filter": {
        "SortBy": "free_space",
        "TopDiskSize": 3,
        "TopDiskUsage": 0,
        "TopDiskUsagePercent": 0,
        "TopFreeSpace": 0
      },
      "mounted": true,
      "partitions": [
        {
          "device": "/dev/sda1",
          "mountpoint": "/",
          "fstype": "ext2/ext3",
          "total_mb": 18770.75,
          "used_mb": 3686.91796875,
          "free_mb": 15067.83203125,
          "used_percent": 19.658582325810794
        }
      ],
      "paths_to_watch": [
        "/"
      ]
    }
  ],
  "memory": {
    "available": "7.15 GB (7497620 KB)",
    "cached": "2.92 GB (3067004 KB)",
    "free": "4.47 GB (4690500 KB)",
    "total": "7.75 GB (8129384 KB)",
    "used": "0.30 GB (313640 KB)",
    "used_percent": "3.86%"
  },
  "permissions": [
    {
      "/home": {
        "group_gid": 0,
        "group_name": "root",
        "mode": "drwxr-xr-x",
        "owner_uid": 0,
        "owner_user": "root",
        "user_access": {
          "intern": {
            "exec": true,
            "read": true,
            "write": false
          }
        }
      },
      "/var/www/bookstore": {
        "group_gid": 1014,
        "group_name": "intern",
        "mode": "drwxr-xr-x",
        "owner_uid": 999,
        "owner_user": "intern",
        "user_access": {
          "intern": {
            "exec": true,
            "read": true,
            "write": true
          }
        }
      }
    },
    {
      "/home/furkan": {
        "mode": "drwxr-x---",
        "user_access": {
          "furkan": {
            "exec": true,
            "read": true,
            "write": true
          },
          "intern": {
            "exec": false,
            "read": false,
            "write": false
          }
        }
      }
    },
    {
      "/opt/monitoring-merged/main.go": {
        "group_gid": 1013,
        "group_name": "crastle",
        "mode": "-rwxrwxrwx",
        "owner_uid": 1012,
        "owner_user": "crastle",
        "user_access": {
          "furkan": {
            "exec": true,
            "read": true,
            "write": true
          },
          "root": {
            "exec": true,
            "read": true,
            "write": true
          }
        }
      }
    }
  ],
  "processes": [
    {
      "filter": {
        "RunningHourThreshold": 0,
        "TopMemoryUsage": 3,
        "TopCPUUsage": 0,
        "State": "",
        "ParentPID": 0,
        "TTY": "",
        "TopRunningTime": 0,
        "LimitProcesses": 0
      },
      "processes": [
        {
          "pid": 95189,
          "name": "systemd-journald",
          "cpu_percent": 0.0015574143934144146,
          "memory_percent": 0.5909919,
          "create_time": "2025-07-15T06:39:46Z",
          "status": "S",
          "parent_pid": 1,
          "running_hours": "148h34m",
          "tty": "?"
        },
        {
          "pid": 26568,
          "name": "snapd",
          "cpu_percent": 0.004374179258566255,
          "memory_percent": 0.47659206,
          "create_time": "2025-07-10T11:45:26Z",
          "status": "S",
          "parent_pid": 1,
          "running_hours": "263h28m",
          "tty": "?"
        },
        {
          "pid": 126137,
          "name": "supervisord",
          "cpu_percent": 0.013824637064482889,
          "memory_percent": 0.35451642,
          "create_time": "2025-07-18T06:51:43Z",
          "status": "S",
          "parent_pid": 1,
          "running_hours": "76h22m",
          "tty": "?"
        }
      ]
    },
    {
      "filter": {
        "RunningHourThreshold": 0,
        "TopMemoryUsage": 0,
        "TopCPUUsage": 4,
        "State": "S",
        "ParentPID": 0,
        "TTY": "",
        "TopRunningTime": 0,
        "LimitProcesses": 0
      },
      "processes": [
        {
          "pid": 155585,
          "name": "go",
          "cpu_percent": 6.056392188893304,
          "memory_percent": 0.24188794,
          "create_time": "2025-07-21T11:14:04Z",
          "status": "S",
          "parent_pid": 148427,
          "running_hours": "0m",
          "tty": "pts/0"
        },
        {
          "pid": 126137,
          "name": "supervisord",
          "cpu_percent": 0.013824600596693487,
          "memory_percent": 0.35451642,
          "create_time": "2025-07-18T06:51:43Z",
          "status": "S",
          "parent_pid": 1,
          "running_hours": "76h22m",
          "tty": "?"
        },
        {
          "pid": 56,
          "name": "hwrng",
          "cpu_percent": 0.013352796700970525,
          "memory_percent": 0,
          "create_time": "2025-07-08T14:04:57Z",
          "status": "S",
          "parent_pid": 2,
          "running_hours": "309h9m",
          "tty": "?"
        },
        {
          "pid": 95144,
          "name": "google_osconfig_agent",
          "cpu_percent": 0.009572570737946502,
          "memory_percent": 0.29768553,
          "create_time": "2025-07-15T06:39:46Z",
          "status": "S",
          "parent_pid": 1,
          "running_hours": "148h34m",
          "tty": "?"
        }
      ]
    }
  ]
}
